The system is: Linux - 5.16.17-surface - x86_64
Compiling the C compiler identification source file "CMakeCCompilerId.c" succeeded.
Compiler: /usr/lib/ccache/clang-10 
Build flags: 
Id flags:  

The output was:
0


Compilation of the C compiler identification source "CMakeCCompilerId.c" produced "a.out"

The C compiler identification is Clang, found in "/home/deb/sycl_workspace/test/sundials/examples/cvode/CXX_sycl/build/CMakeFiles/3.23.0/CompilerIdC/a.out"

Compiling the CXX compiler identification source file "CMakeCXXCompilerId.cpp" succeeded.
Compiler: /usr/lib/ccache/clang++-10 
Build flags: 
Id flags:  

The output was:
0


Compilation of the CXX compiler identification source "CMakeCXXCompilerId.cpp" produced "a.out"

The CXX compiler identification is Clang, found in "/home/deb/sycl_workspace/test/sundials/examples/cvode/CXX_sycl/build/CMakeFiles/3.23.0/CompilerIdCXX/a.out"

Detecting C compiler ABI info compiled with the following output:
Change Dir: /home/deb/sycl_workspace/test/sundials/examples/cvode/CXX_sycl/build/CMakeFiles/CMakeTmp

Run Build Command(s):/usr/bin/ninja cmTC_1c9ca && [1/2] Building C object CMakeFiles/cmTC_1c9ca.dir/CMakeCCompilerABI.c.o
clang version 10.0.0-4ubuntu1 
Target: x86_64-pc-linux-gnu
Thread model: posix
InstalledDir: /usr/bin
Found candidate GCC installation: /usr/bin/../lib/gcc/x86_64-linux-gnu/11
Found candidate GCC installation: /usr/bin/../lib/gcc/x86_64-linux-gnu/8
Found candidate GCC installation: /usr/bin/../lib/gcc/x86_64-linux-gnu/9
Found candidate GCC installation: /usr/lib/gcc/x86_64-linux-gnu/11
Found candidate GCC installation: /usr/lib/gcc/x86_64-linux-gnu/8
Found candidate GCC installation: /usr/lib/gcc/x86_64-linux-gnu/9
Selected GCC installation: /usr/bin/../lib/gcc/x86_64-linux-gnu/11
Candidate multilib: .;@m64
Selected multilib: .;@m64
 (in-process)
 "/usr/lib/llvm-10/bin/clang" -cc1 -triple x86_64-pc-linux-gnu -emit-obj -mrelax-all -disable-free -disable-llvm-verifier -discard-value-names -main-file-name CMakeCCompilerABI.c -mrelocation-model static -mthread-model posix -mframe-pointer=all -fmath-errno -fno-rounding-math -masm-verbose -mconstructor-aliases -munwind-tables -target-cpu x86-64 -dwarf-column-info -fno-split-dwarf-inlining -debugger-tuning=gdb -v -resource-dir /usr/lib/llvm-10/lib/clang/10.0.0 -I/opt/intel/oneapi/vpl/2022.0.0/include -I/opt/intel/oneapi/tbb/2021.5.1/env/../include -I/opt/intel/oneapi/mpi/2021.5.1//include -I/opt/intel/oneapi/mkl/2022.0.2/include -I/opt/intel/oneapi/ipp/2021.5.2/include -I/opt/intel/oneapi/ippcp/2021.5.1/include -I/opt/intel/oneapi/ipp/2021.5.2/include -I/opt/intel/oneapi/dpl/2021.6.0/linux/include -I/opt/intel/oneapi/dpcpp-ct/2022.0.0/include -I/opt/intel/oneapi/dnnl/2022.0.2/cpu_dpcpp_gpu_dpcpp/lib -I/opt/intel/oneapi/dev-utilities/2021.5.2/include -I/opt/intel/oneapi/dal/2021.5.3/include -I/opt/intel/oneapi/ccl/2021.5.1/include/cpu_gpu_dpcpp -internal-isystem /usr/local/include -internal-isystem /usr/lib/llvm-10/lib/clang/10.0.0/include -internal-externc-isystem /usr/include/x86_64-linux-gnu -internal-externc-isystem /include -internal-externc-isystem /usr/include -fdebug-compilation-dir /home/deb/sycl_workspace/test/sundials/examples/cvode/CXX_sycl/build/CMakeFiles/CMakeTmp -ferror-limit 19 -fmessage-length 0 -fgnuc-version=4.2.1 -fobjc-runtime=gcc -fdiagnostics-show-option -faddrsig -o CMakeFiles/cmTC_1c9ca.dir/CMakeCCompilerABI.c.o -x c /usr/share/cmake-3.23/Modules/CMakeCCompilerABI.c
clang -cc1 version 10.0.0 based upon LLVM 10.0.0 default target x86_64-pc-linux-gnu
ignoring nonexistent directory "/include"
ignoring duplicate directory "/opt/intel/oneapi/ipp/2021.5.2/include"
#include "..." search starts here:
#include <...> search starts here:
 /opt/intel/oneapi/vpl/2022.0.0/include
 /opt/intel/oneapi/tbb/2021.5.1/env/../include
 /opt/intel/oneapi/mpi/2021.5.1//include
 /opt/intel/oneapi/mkl/2022.0.2/include
 /opt/intel/oneapi/ipp/2021.5.2/include
 /opt/intel/oneapi/ippcp/2021.5.1/include
 /opt/intel/oneapi/dpl/2021.6.0/linux/include
 /opt/intel/oneapi/dpcpp-ct/2022.0.0/include
 /opt/intel/oneapi/dnnl/2022.0.2/cpu_dpcpp_gpu_dpcpp/lib
 /opt/intel/oneapi/dev-utilities/2021.5.2/include
 /opt/intel/oneapi/dal/2021.5.3/include
 /opt/intel/oneapi/ccl/2021.5.1/include/cpu_gpu_dpcpp
 /usr/local/include
 /usr/lib/llvm-10/lib/clang/10.0.0/include
 /usr/include/x86_64-linux-gnu
 /usr/include
End of search list.
[2/2] Linking C executable cmTC_1c9ca
clang version 10.0.0-4ubuntu1 
Target: x86_64-pc-linux-gnu
Thread model: posix
InstalledDir: /usr/bin
Found candidate GCC installation: /usr/bin/../lib/gcc/x86_64-linux-gnu/11
Found candidate GCC installation: /usr/bin/../lib/gcc/x86_64-linux-gnu/8
Found candidate GCC installation: /usr/bin/../lib/gcc/x86_64-linux-gnu/9
Found candidate GCC installation: /usr/lib/gcc/x86_64-linux-gnu/11
Found candidate GCC installation: /usr/lib/gcc/x86_64-linux-gnu/8
Found candidate GCC installation: /usr/lib/gcc/x86_64-linux-gnu/9
Selected GCC installation: /usr/bin/../lib/gcc/x86_64-linux-gnu/11
Candidate multilib: .;@m64
Selected multilib: .;@m64
 "/usr/bin/ld" -z relro --hash-style=gnu --build-id --eh-frame-hdr -m elf_x86_64 -dynamic-linker /lib64/ld-linux-x86-64.so.2 -o cmTC_1c9ca /usr/bin/../lib/gcc/x86_64-linux-gnu/11/../../../x86_64-linux-gnu/crt1.o /usr/bin/../lib/gcc/x86_64-linux-gnu/11/../../../x86_64-linux-gnu/crti.o /usr/bin/../lib/gcc/x86_64-linux-gnu/11/crtbegin.o -L/usr/bin/../lib/gcc/x86_64-linux-gnu/11 -L/usr/bin/../lib/gcc/x86_64-linux-gnu/11/../../../x86_64-linux-gnu -L/usr/bin/../lib/gcc/x86_64-linux-gnu/11/../../../../lib64 -L/lib/x86_64-linux-gnu -L/lib/../lib64 -L/usr/lib/x86_64-linux-gnu -L/usr/lib/../lib64 -L/usr/lib/x86_64-linux-gnu/../../lib64 -L/usr/bin/../lib/gcc/x86_64-linux-gnu/11/../../.. -L/usr/lib/llvm-10/bin/../lib -L/lib -L/usr/lib -L/opt/intel/oneapi/vpl/2022.0.0/lib -L/opt/intel/oneapi/tbb/2021.5.1/env/../lib/intel64/gcc4.8 -L/opt/intel/oneapi/mpi/2021.5.1//libfabric/lib -L/opt/intel/oneapi/mpi/2021.5.1//lib/release -L/opt/intel/oneapi/mpi/2021.5.1//lib -L/opt/intel/oneapi/mkl/2022.0.2/lib/intel64 -L/opt/intel/oneapi/ipp/2021.5.2/lib/intel64 -L/opt/intel/oneapi/ippcp/2021.5.1/lib/intel64 -L/opt/intel/oneapi/ipp/2021.5.2/lib/intel64 -L/opt/intel/oneapi/dnnl/2022.0.2/cpu_dpcpp_gpu_dpcpp/lib -L/opt/intel/oneapi/dal/2021.5.3/lib/intel64 -L/opt/intel/oneapi/compiler/2022.0.2/linux/compiler/lib/intel64_lin -L/opt/intel/oneapi/compiler/2022.0.2/linux/lib -L/opt/intel/oneapi/ccl/2021.5.1/lib/cpu_gpu_dpcpp CMakeFiles/cmTC_1c9ca.dir/CMakeCCompilerABI.c.o -lgcc --as-needed -lgcc_s --no-as-needed -lc -lgcc --as-needed -lgcc_s --no-as-needed /usr/bin/../lib/gcc/x86_64-linux-gnu/11/crtend.o /usr/bin/../lib/gcc/x86_64-linux-gnu/11/../../../x86_64-linux-gnu/crtn.o



Parsed C implicit include dir info from above output: rv=done
  found start of include info
  found start of implicit include info
    add: [/opt/intel/oneapi/vpl/2022.0.0/include]
    add: [/opt/intel/oneapi/tbb/2021.5.1/env/../include]
    add: [/opt/intel/oneapi/mpi/2021.5.1//include]
    add: [/opt/intel/oneapi/mkl/2022.0.2/include]
    add: [/opt/intel/oneapi/ipp/2021.5.2/include]
    add: [/opt/intel/oneapi/ippcp/2021.5.1/include]
    add: [/opt/intel/oneapi/dpl/2021.6.0/linux/include]
    add: [/opt/intel/oneapi/dpcpp-ct/2022.0.0/include]
    add: [/opt/intel/oneapi/dnnl/2022.0.2/cpu_dpcpp_gpu_dpcpp/lib]
    add: [/opt/intel/oneapi/dev-utilities/2021.5.2/include]
    add: [/opt/intel/oneapi/dal/2021.5.3/include]
    add: [/opt/intel/oneapi/ccl/2021.5.1/include/cpu_gpu_dpcpp]
    add: [/usr/local/include]
    add: [/usr/lib/llvm-10/lib/clang/10.0.0/include]
    add: [/usr/include/x86_64-linux-gnu]
    add: [/usr/include]
  end of search list found
  collapse include dir [/opt/intel/oneapi/vpl/2022.0.0/include] ==> [/opt/intel/oneapi/vpl/2022.0.0/include]
  collapse include dir [/opt/intel/oneapi/tbb/2021.5.1/env/../include] ==> [/opt/intel/oneapi/tbb/2021.5.1/include]
  collapse include dir [/opt/intel/oneapi/mpi/2021.5.1//include] ==> [/opt/intel/oneapi/mpi/2021.5.1/include]
  collapse include dir [/opt/intel/oneapi/mkl/2022.0.2/include] ==> [/opt/intel/oneapi/mkl/2022.0.2/include]
  collapse include dir [/opt/intel/oneapi/ipp/2021.5.2/include] ==> [/opt/intel/oneapi/ipp/2021.5.2/include]
  collapse include dir [/opt/intel/oneapi/ippcp/2021.5.1/include] ==> [/opt/intel/oneapi/ippcp/2021.5.1/include]
  collapse include dir [/opt/intel/oneapi/dpl/2021.6.0/linux/include] ==> [/opt/intel/oneapi/dpl/2021.6.0/linux/include]
  collapse include dir [/opt/intel/oneapi/dpcpp-ct/2022.0.0/include] ==> [/opt/intel/oneapi/dpcpp-ct/2022.0.0/include]
  collapse include dir [/opt/intel/oneapi/dnnl/2022.0.2/cpu_dpcpp_gpu_dpcpp/lib] ==> [/opt/intel/oneapi/dnnl/2022.0.2/cpu_dpcpp_gpu_dpcpp/lib]
  collapse include dir [/opt/intel/oneapi/dev-utilities/2021.5.2/include] ==> [/opt/intel/oneapi/dev-utilities/2021.5.2/include]
  collapse include dir [/opt/intel/oneapi/dal/2021.5.3/include] ==> [/opt/intel/oneapi/dal/2021.5.3/include]
  collapse include dir [/opt/intel/oneapi/ccl/2021.5.1/include/cpu_gpu_dpcpp] ==> [/opt/intel/oneapi/ccl/2021.5.1/include/cpu_gpu_dpcpp]
  collapse include dir [/usr/local/include] ==> [/usr/local/include]
  collapse include dir [/usr/lib/llvm-10/lib/clang/10.0.0/include] ==> [/usr/lib/llvm-10/lib/clang/10.0.0/include]
  collapse include dir [/usr/include/x86_64-linux-gnu] ==> [/usr/include/x86_64-linux-gnu]
  collapse include dir [/usr/include] ==> [/usr/include]
  implicit include dirs: [/opt/intel/oneapi/vpl/2022.0.0/include;/opt/intel/oneapi/tbb/2021.5.1/include;/opt/intel/oneapi/mpi/2021.5.1/include;/opt/intel/oneapi/mkl/2022.0.2/include;/opt/intel/oneapi/ipp/2021.5.2/include;/opt/intel/oneapi/ippcp/2021.5.1/include;/opt/intel/oneapi/dpl/2021.6.0/linux/include;/opt/intel/oneapi/dpcpp-ct/2022.0.0/include;/opt/intel/oneapi/dnnl/2022.0.2/cpu_dpcpp_gpu_dpcpp/lib;/opt/intel/oneapi/dev-utilities/2021.5.2/include;/opt/intel/oneapi/dal/2021.5.3/include;/opt/intel/oneapi/ccl/2021.5.1/include/cpu_gpu_dpcpp;/usr/local/include;/usr/lib/llvm-10/lib/clang/10.0.0/include;/usr/include/x86_64-linux-gnu;/usr/include]


Parsed C implicit link information from above output:
  link line regex: [^( *|.*[/\])(ld|CMAKE_LINK_STARTFILE-NOTFOUND|([^/\]+-)?ld|collect2)[^/\]*( |$)]
  ignore line: [Change Dir: /home/deb/sycl_workspace/test/sundials/examples/cvode/CXX_sycl/build/CMakeFiles/CMakeTmp]
  ignore line: []
  ignore line: [Run Build Command(s):/usr/bin/ninja cmTC_1c9ca && [1/2] Building C object CMakeFiles/cmTC_1c9ca.dir/CMakeCCompilerABI.c.o]
  ignore line: [clang version 10.0.0-4ubuntu1 ]
  ignore line: [Target: x86_64-pc-linux-gnu]
  ignore line: [Thread model: posix]
  ignore line: [InstalledDir: /usr/bin]
  ignore line: [Found candidate GCC installation: /usr/bin/../lib/gcc/x86_64-linux-gnu/11]
  ignore line: [Found candidate GCC installation: /usr/bin/../lib/gcc/x86_64-linux-gnu/8]
  ignore line: [Found candidate GCC installation: /usr/bin/../lib/gcc/x86_64-linux-gnu/9]
  ignore line: [Found candidate GCC installation: /usr/lib/gcc/x86_64-linux-gnu/11]
  ignore line: [Found candidate GCC installation: /usr/lib/gcc/x86_64-linux-gnu/8]
  ignore line: [Found candidate GCC installation: /usr/lib/gcc/x86_64-linux-gnu/9]
  ignore line: [Selected GCC installation: /usr/bin/../lib/gcc/x86_64-linux-gnu/11]
  ignore line: [Candidate multilib: .]
  ignore line: [@m64]
  ignore line: [Selected multilib: .]
  ignore line: [@m64]
  ignore line: [ (in-process)]
  ignore line: [ "/usr/lib/llvm-10/bin/clang" -cc1 -triple x86_64-pc-linux-gnu -emit-obj -mrelax-all -disable-free -disable-llvm-verifier -discard-value-names -main-file-name CMakeCCompilerABI.c -mrelocation-model static -mthread-model posix -mframe-pointer=all -fmath-errno -fno-rounding-math -masm-verbose -mconstructor-aliases -munwind-tables -target-cpu x86-64 -dwarf-column-info -fno-split-dwarf-inlining -debugger-tuning=gdb -v -resource-dir /usr/lib/llvm-10/lib/clang/10.0.0 -I/opt/intel/oneapi/vpl/2022.0.0/include -I/opt/intel/oneapi/tbb/2021.5.1/env/../include -I/opt/intel/oneapi/mpi/2021.5.1//include -I/opt/intel/oneapi/mkl/2022.0.2/include -I/opt/intel/oneapi/ipp/2021.5.2/include -I/opt/intel/oneapi/ippcp/2021.5.1/include -I/opt/intel/oneapi/ipp/2021.5.2/include -I/opt/intel/oneapi/dpl/2021.6.0/linux/include -I/opt/intel/oneapi/dpcpp-ct/2022.0.0/include -I/opt/intel/oneapi/dnnl/2022.0.2/cpu_dpcpp_gpu_dpcpp/lib -I/opt/intel/oneapi/dev-utilities/2021.5.2/include -I/opt/intel/oneapi/dal/2021.5.3/include -I/opt/intel/oneapi/ccl/2021.5.1/include/cpu_gpu_dpcpp -internal-isystem /usr/local/include -internal-isystem /usr/lib/llvm-10/lib/clang/10.0.0/include -internal-externc-isystem /usr/include/x86_64-linux-gnu -internal-externc-isystem /include -internal-externc-isystem /usr/include -fdebug-compilation-dir /home/deb/sycl_workspace/test/sundials/examples/cvode/CXX_sycl/build/CMakeFiles/CMakeTmp -ferror-limit 19 -fmessage-length 0 -fgnuc-version=4.2.1 -fobjc-runtime=gcc -fdiagnostics-show-option -faddrsig -o CMakeFiles/cmTC_1c9ca.dir/CMakeCCompilerABI.c.o -x c /usr/share/cmake-3.23/Modules/CMakeCCompilerABI.c]
  ignore line: [clang -cc1 version 10.0.0 based upon LLVM 10.0.0 default target x86_64-pc-linux-gnu]
  ignore line: [ignoring nonexistent directory "/include"]
  ignore line: [ignoring duplicate directory "/opt/intel/oneapi/ipp/2021.5.2/include"]
  ignore line: [#include "..." search starts here:]
  ignore line: [#include <...> search starts here:]
  ignore line: [ /opt/intel/oneapi/vpl/2022.0.0/include]
  ignore line: [ /opt/intel/oneapi/tbb/2021.5.1/env/../include]
  ignore line: [ /opt/intel/oneapi/mpi/2021.5.1//include]
  ignore line: [ /opt/intel/oneapi/mkl/2022.0.2/include]
  ignore line: [ /opt/intel/oneapi/ipp/2021.5.2/include]
  ignore line: [ /opt/intel/oneapi/ippcp/2021.5.1/include]
  ignore line: [ /opt/intel/oneapi/dpl/2021.6.0/linux/include]
  ignore line: [ /opt/intel/oneapi/dpcpp-ct/2022.0.0/include]
  ignore line: [ /opt/intel/oneapi/dnnl/2022.0.2/cpu_dpcpp_gpu_dpcpp/lib]
  ignore line: [ /opt/intel/oneapi/dev-utilities/2021.5.2/include]
  ignore line: [ /opt/intel/oneapi/dal/2021.5.3/include]
  ignore line: [ /opt/intel/oneapi/ccl/2021.5.1/include/cpu_gpu_dpcpp]
  ignore line: [ /usr/local/include]
  ignore line: [ /usr/lib/llvm-10/lib/clang/10.0.0/include]
  ignore line: [ /usr/include/x86_64-linux-gnu]
  ignore line: [ /usr/include]
  ignore line: [End of search list.]
  ignore line: [[2/2] Linking C executable cmTC_1c9ca]
  ignore line: [clang version 10.0.0-4ubuntu1 ]
  ignore line: [Target: x86_64-pc-linux-gnu]
  ignore line: [Thread model: posix]
  ignore line: [InstalledDir: /usr/bin]
  ignore line: [Found candidate GCC installation: /usr/bin/../lib/gcc/x86_64-linux-gnu/11]
  ignore line: [Found candidate GCC installation: /usr/bin/../lib/gcc/x86_64-linux-gnu/8]
  ignore line: [Found candidate GCC installation: /usr/bin/../lib/gcc/x86_64-linux-gnu/9]
  ignore line: [Found candidate GCC installation: /usr/lib/gcc/x86_64-linux-gnu/11]
  ignore line: [Found candidate GCC installation: /usr/lib/gcc/x86_64-linux-gnu/8]
  ignore line: [Found candidate GCC installation: /usr/lib/gcc/x86_64-linux-gnu/9]
  ignore line: [Selected GCC installation: /usr/bin/../lib/gcc/x86_64-linux-gnu/11]
  ignore line: [Candidate multilib: .]
  ignore line: [@m64]
  ignore line: [Selected multilib: .]
  ignore line: [@m64]
  link line: [ "/usr/bin/ld" -z relro --hash-style=gnu --build-id --eh-frame-hdr -m elf_x86_64 -dynamic-linker /lib64/ld-linux-x86-64.so.2 -o cmTC_1c9ca /usr/bin/../lib/gcc/x86_64-linux-gnu/11/../../../x86_64-linux-gnu/crt1.o /usr/bin/../lib/gcc/x86_64-linux-gnu/11/../../../x86_64-linux-gnu/crti.o /usr/bin/../lib/gcc/x86_64-linux-gnu/11/crtbegin.o -L/usr/bin/../lib/gcc/x86_64-linux-gnu/11 -L/usr/bin/../lib/gcc/x86_64-linux-gnu/11/../../../x86_64-linux-gnu -L/usr/bin/../lib/gcc/x86_64-linux-gnu/11/../../../../lib64 -L/lib/x86_64-linux-gnu -L/lib/../lib64 -L/usr/lib/x86_64-linux-gnu -L/usr/lib/../lib64 -L/usr/lib/x86_64-linux-gnu/../../lib64 -L/usr/bin/../lib/gcc/x86_64-linux-gnu/11/../../.. -L/usr/lib/llvm-10/bin/../lib -L/lib -L/usr/lib -L/opt/intel/oneapi/vpl/2022.0.0/lib -L/opt/intel/oneapi/tbb/2021.5.1/env/../lib/intel64/gcc4.8 -L/opt/intel/oneapi/mpi/2021.5.1//libfabric/lib -L/opt/intel/oneapi/mpi/2021.5.1//lib/release -L/opt/intel/oneapi/mpi/2021.5.1//lib -L/opt/intel/oneapi/mkl/2022.0.2/lib/intel64 -L/opt/intel/oneapi/ipp/2021.5.2/lib/intel64 -L/opt/intel/oneapi/ippcp/2021.5.1/lib/intel64 -L/opt/intel/oneapi/ipp/2021.5.2/lib/intel64 -L/opt/intel/oneapi/dnnl/2022.0.2/cpu_dpcpp_gpu_dpcpp/lib -L/opt/intel/oneapi/dal/2021.5.3/lib/intel64 -L/opt/intel/oneapi/compiler/2022.0.2/linux/compiler/lib/intel64_lin -L/opt/intel/oneapi/compiler/2022.0.2/linux/lib -L/opt/intel/oneapi/ccl/2021.5.1/lib/cpu_gpu_dpcpp CMakeFiles/cmTC_1c9ca.dir/CMakeCCompilerABI.c.o -lgcc --as-needed -lgcc_s --no-as-needed -lc -lgcc --as-needed -lgcc_s --no-as-needed /usr/bin/../lib/gcc/x86_64-linux-gnu/11/crtend.o /usr/bin/../lib/gcc/x86_64-linux-gnu/11/../../../x86_64-linux-gnu/crtn.o]
    arg [/usr/bin/ld] ==> ignore
    arg [-zrelro] ==> ignore
    arg [--hash-style=gnu] ==> ignore
    arg [--build-id] ==> ignore
    arg [--eh-frame-hdr] ==> ignore
    arg [-m] ==> ignore
    arg [elf_x86_64] ==> ignore
    arg [-dynamic-linker] ==> ignore
    arg [/lib64/ld-linux-x86-64.so.2] ==> ignore
    arg [-o] ==> ignore
    arg [cmTC_1c9ca] ==> ignore
    arg [/usr/bin/../lib/gcc/x86_64-linux-gnu/11/../../../x86_64-linux-gnu/crt1.o] ==> obj [/usr/bin/../lib/gcc/x86_64-linux-gnu/11/../../../x86_64-linux-gnu/crt1.o]
    arg [/usr/bin/../lib/gcc/x86_64-linux-gnu/11/../../../x86_64-linux-gnu/crti.o] ==> obj [/usr/bin/../lib/gcc/x86_64-linux-gnu/11/../../../x86_64-linux-gnu/crti.o]
    arg [/usr/bin/../lib/gcc/x86_64-linux-gnu/11/crtbegin.o] ==> obj [/usr/bin/../lib/gcc/x86_64-linux-gnu/11/crtbegin.o]
    arg [-L/usr/bin/../lib/gcc/x86_64-linux-gnu/11] ==> dir [/usr/bin/../lib/gcc/x86_64-linux-gnu/11]
    arg [-L/usr/bin/../lib/gcc/x86_64-linux-gnu/11/../../../x86_64-linux-gnu] ==> dir [/usr/bin/../lib/gcc/x86_64-linux-gnu/11/../../../x86_64-linux-gnu]
    arg [-L/usr/bin/../lib/gcc/x86_64-linux-gnu/11/../../../../lib64] ==> dir [/usr/bin/../lib/gcc/x86_64-linux-gnu/11/../../../../lib64]
    arg [-L/lib/x86_64-linux-gnu] ==> dir [/lib/x86_64-linux-gnu]
    arg [-L/lib/../lib64] ==> dir [/lib/../lib64]
    arg [-L/usr/lib/x86_64-linux-gnu] ==> dir [/usr/lib/x86_64-linux-gnu]
    arg [-L/usr/lib/../lib64] ==> dir [/usr/lib/../lib64]
    arg [-L/usr/lib/x86_64-linux-gnu/../../lib64] ==> dir [/usr/lib/x86_64-linux-gnu/../../lib64]
    arg [-L/usr/bin/../lib/gcc/x86_64-linux-gnu/11/../../..] ==> dir [/usr/bin/../lib/gcc/x86_64-linux-gnu/11/../../..]
    arg [-L/usr/lib/llvm-10/bin/../lib] ==> dir [/usr/lib/llvm-10/bin/../lib]
    arg [-L/lib] ==> dir [/lib]
    arg [-L/usr/lib] ==> dir [/usr/lib]
    arg [-L/opt/intel/oneapi/vpl/2022.0.0/lib] ==> dir [/opt/intel/oneapi/vpl/2022.0.0/lib]
    arg [-L/opt/intel/oneapi/tbb/2021.5.1/env/../lib/intel64/gcc4.8] ==> dir [/opt/intel/oneapi/tbb/2021.5.1/env/../lib/intel64/gcc4.8]
    arg [-L/opt/intel/oneapi/mpi/2021.5.1//libfabric/lib] ==> dir [/opt/intel/oneapi/mpi/2021.5.1//libfabric/lib]
    arg [-L/opt/intel/oneapi/mpi/2021.5.1//lib/release] ==> dir [/opt/intel/oneapi/mpi/2021.5.1//lib/release]
    arg [-L/opt/intel/oneapi/mpi/2021.5.1//lib] ==> dir [/opt/intel/oneapi/mpi/2021.5.1//lib]
    arg [-L/opt/intel/oneapi/mkl/2022.0.2/lib/intel64] ==> dir [/opt/intel/oneapi/mkl/2022.0.2/lib/intel64]
    arg [-L/opt/intel/oneapi/ipp/2021.5.2/lib/intel64] ==> dir [/opt/intel/oneapi/ipp/2021.5.2/lib/intel64]
    arg [-L/opt/intel/oneapi/ippcp/2021.5.1/lib/intel64] ==> dir [/opt/intel/oneapi/ippcp/2021.5.1/lib/intel64]
    arg [-L/opt/intel/oneapi/ipp/2021.5.2/lib/intel64] ==> dir [/opt/intel/oneapi/ipp/2021.5.2/lib/intel64]
    arg [-L/opt/intel/oneapi/dnnl/2022.0.2/cpu_dpcpp_gpu_dpcpp/lib] ==> dir [/opt/intel/oneapi/dnnl/2022.0.2/cpu_dpcpp_gpu_dpcpp/lib]
    arg [-L/opt/intel/oneapi/dal/2021.5.3/lib/intel64] ==> dir [/opt/intel/oneapi/dal/2021.5.3/lib/intel64]
    arg [-L/opt/intel/oneapi/compiler/2022.0.2/linux/compiler/lib/intel64_lin] ==> dir [/opt/intel/oneapi/compiler/2022.0.2/linux/compiler/lib/intel64_lin]
    arg [-L/opt/intel/oneapi/compiler/2022.0.2/linux/lib] ==> dir [/opt/intel/oneapi/compiler/2022.0.2/linux/lib]
    arg [-L/opt/intel/oneapi/ccl/2021.5.1/lib/cpu_gpu_dpcpp] ==> dir [/opt/intel/oneapi/ccl/2021.5.1/lib/cpu_gpu_dpcpp]
    arg [CMakeFiles/cmTC_1c9ca.dir/CMakeCCompilerABI.c.o] ==> ignore
    arg [-lgcc] ==> lib [gcc]
    arg [--as-needed] ==> ignore
    arg [-lgcc_s] ==> lib [gcc_s]
    arg [--no-as-needed] ==> ignore
    arg [-lc] ==> lib [c]
    arg [-lgcc] ==> lib [gcc]
    arg [--as-needed] ==> ignore
    arg [-lgcc_s] ==> lib [gcc_s]
    arg [--no-as-needed] ==> ignore
    arg [/usr/bin/../lib/gcc/x86_64-linux-gnu/11/crtend.o] ==> obj [/usr/bin/../lib/gcc/x86_64-linux-gnu/11/crtend.o]
    arg [/usr/bin/../lib/gcc/x86_64-linux-gnu/11/../../../x86_64-linux-gnu/crtn.o] ==> obj [/usr/bin/../lib/gcc/x86_64-linux-gnu/11/../../../x86_64-linux-gnu/crtn.o]
  collapse obj [/usr/bin/../lib/gcc/x86_64-linux-gnu/11/../../../x86_64-linux-gnu/crt1.o] ==> [/usr/lib/x86_64-linux-gnu/crt1.o]
  collapse obj [/usr/bin/../lib/gcc/x86_64-linux-gnu/11/../../../x86_64-linux-gnu/crti.o] ==> [/usr/lib/x86_64-linux-gnu/crti.o]
  collapse obj [/usr/bin/../lib/gcc/x86_64-linux-gnu/11/crtbegin.o] ==> [/usr/lib/gcc/x86_64-linux-gnu/11/crtbegin.o]
  collapse obj [/usr/bin/../lib/gcc/x86_64-linux-gnu/11/crtend.o] ==> [/usr/lib/gcc/x86_64-linux-gnu/11/crtend.o]
  collapse obj [/usr/bin/../lib/gcc/x86_64-linux-gnu/11/../../../x86_64-linux-gnu/crtn.o] ==> [/usr/lib/x86_64-linux-gnu/crtn.o]
  collapse library dir [/usr/bin/../lib/gcc/x86_64-linux-gnu/11] ==> [/usr/lib/gcc/x86_64-linux-gnu/11]
  collapse library dir [/usr/bin/../lib/gcc/x86_64-linux-gnu/11/../../../x86_64-linux-gnu] ==> [/usr/lib/x86_64-linux-gnu]
  collapse library dir [/usr/bin/../lib/gcc/x86_64-linux-gnu/11/../../../../lib64] ==> [/usr/lib64]
  collapse library dir [/lib/x86_64-linux-gnu] ==> [/lib/x86_64-linux-gnu]
  collapse library dir [/lib/../lib64] ==> [/lib64]
  collapse library dir [/usr/lib/x86_64-linux-gnu] ==> [/usr/lib/x86_64-linux-gnu]
  collapse library dir [/usr/lib/../lib64] ==> [/usr/lib64]
  collapse library dir [/usr/lib/x86_64-linux-gnu/../../lib64] ==> [/usr/lib64]
  collapse library dir [/usr/bin/../lib/gcc/x86_64-linux-gnu/11/../../..] ==> [/usr/lib]
  collapse library dir [/usr/lib/llvm-10/bin/../lib] ==> [/usr/lib/llvm-10/lib]
  collapse library dir [/lib] ==> [/lib]
  collapse library dir [/usr/lib] ==> [/usr/lib]
  collapse library dir [/opt/intel/oneapi/vpl/2022.0.0/lib] ==> [/opt/intel/oneapi/vpl/2022.0.0/lib]
  collapse library dir [/opt/intel/oneapi/tbb/2021.5.1/env/../lib/intel64/gcc4.8] ==> [/opt/intel/oneapi/tbb/2021.5.1/lib/intel64/gcc4.8]
  collapse library dir [/opt/intel/oneapi/mpi/2021.5.1//libfabric/lib] ==> [/opt/intel/oneapi/mpi/2021.5.1/libfabric/lib]
  collapse library dir [/opt/intel/oneapi/mpi/2021.5.1//lib/release] ==> [/opt/intel/oneapi/mpi/2021.5.1/lib/release]
  collapse library dir [/opt/intel/oneapi/mpi/2021.5.1//lib] ==> [/opt/intel/oneapi/mpi/2021.5.1/lib]
  collapse library dir [/opt/intel/oneapi/mkl/2022.0.2/lib/intel64] ==> [/opt/intel/oneapi/mkl/2022.0.2/lib/intel64]
  collapse library dir [/opt/intel/oneapi/ipp/2021.5.2/lib/intel64] ==> [/opt/intel/oneapi/ipp/2021.5.2/lib/intel64]
  collapse library dir [/opt/intel/oneapi/ippcp/2021.5.1/lib/intel64] ==> [/opt/intel/oneapi/ippcp/2021.5.1/lib/intel64]
  collapse library dir [/opt/intel/oneapi/ipp/2021.5.2/lib/intel64] ==> [/opt/intel/oneapi/ipp/2021.5.2/lib/intel64]
  collapse library dir [/opt/intel/oneapi/dnnl/2022.0.2/cpu_dpcpp_gpu_dpcpp/lib] ==> [/opt/intel/oneapi/dnnl/2022.0.2/cpu_dpcpp_gpu_dpcpp/lib]
  collapse library dir [/opt/intel/oneapi/dal/2021.5.3/lib/intel64] ==> [/opt/intel/oneapi/dal/2021.5.3/lib/intel64]
  collapse library dir [/opt/intel/oneapi/compiler/2022.0.2/linux/compiler/lib/intel64_lin] ==> [/opt/intel/oneapi/compiler/2022.0.2/linux/compiler/lib/intel64_lin]
  collapse library dir [/opt/intel/oneapi/compiler/2022.0.2/linux/lib] ==> [/opt/intel/oneapi/compiler/2022.0.2/linux/lib]
  collapse library dir [/opt/intel/oneapi/ccl/2021.5.1/lib/cpu_gpu_dpcpp] ==> [/opt/intel/oneapi/ccl/2021.5.1/lib/cpu_gpu_dpcpp]
  implicit libs: [gcc;gcc_s;c;gcc;gcc_s]
  implicit objs: [/usr/lib/x86_64-linux-gnu/crt1.o;/usr/lib/x86_64-linux-gnu/crti.o;/usr/lib/gcc/x86_64-linux-gnu/11/crtbegin.o;/usr/lib/gcc/x86_64-linux-gnu/11/crtend.o;/usr/lib/x86_64-linux-gnu/crtn.o]
  implicit dirs: [/usr/lib/gcc/x86_64-linux-gnu/11;/usr/lib/x86_64-linux-gnu;/usr/lib64;/lib/x86_64-linux-gnu;/lib64;/usr/lib;/usr/lib/llvm-10/lib;/lib;/opt/intel/oneapi/vpl/2022.0.0/lib;/opt/intel/oneapi/tbb/2021.5.1/lib/intel64/gcc4.8;/opt/intel/oneapi/mpi/2021.5.1/libfabric/lib;/opt/intel/oneapi/mpi/2021.5.1/lib/release;/opt/intel/oneapi/mpi/2021.5.1/lib;/opt/intel/oneapi/mkl/2022.0.2/lib/intel64;/opt/intel/oneapi/ipp/2021.5.2/lib/intel64;/opt/intel/oneapi/ippcp/2021.5.1/lib/intel64;/opt/intel/oneapi/dnnl/2022.0.2/cpu_dpcpp_gpu_dpcpp/lib;/opt/intel/oneapi/dal/2021.5.3/lib/intel64;/opt/intel/oneapi/compiler/2022.0.2/linux/compiler/lib/intel64_lin;/opt/intel/oneapi/compiler/2022.0.2/linux/lib;/opt/intel/oneapi/ccl/2021.5.1/lib/cpu_gpu_dpcpp]
  implicit fwks: []


Detecting CXX compiler ABI info compiled with the following output:
Change Dir: /home/deb/sycl_workspace/test/sundials/examples/cvode/CXX_sycl/build/CMakeFiles/CMakeTmp

Run Build Command(s):/usr/bin/ninja cmTC_43a4e && [1/2] Building CXX object CMakeFiles/cmTC_43a4e.dir/CMakeCXXCompilerABI.cpp.o
clang version 10.0.0-4ubuntu1 
Target: x86_64-pc-linux-gnu
Thread model: posix
InstalledDir: /usr/bin
Found candidate GCC installation: /usr/bin/../lib/gcc/x86_64-linux-gnu/11
Found candidate GCC installation: /usr/bin/../lib/gcc/x86_64-linux-gnu/8
Found candidate GCC installation: /usr/bin/../lib/gcc/x86_64-linux-gnu/9
Found candidate GCC installation: /usr/lib/gcc/x86_64-linux-gnu/11
Found candidate GCC installation: /usr/lib/gcc/x86_64-linux-gnu/8
Found candidate GCC installation: /usr/lib/gcc/x86_64-linux-gnu/9
Selected GCC installation: /usr/bin/../lib/gcc/x86_64-linux-gnu/11
Candidate multilib: .;@m64
Selected multilib: .;@m64
 (in-process)
 "/usr/lib/llvm-10/bin/clang" -cc1 -triple x86_64-pc-linux-gnu -emit-obj -mrelax-all -disable-free -disable-llvm-verifier -discard-value-names -main-file-name CMakeCXXCompilerABI.cpp -mrelocation-model static -mthread-model posix -mframe-pointer=all -fmath-errno -fno-rounding-math -masm-verbose -mconstructor-aliases -munwind-tables -target-cpu x86-64 -dwarf-column-info -fno-split-dwarf-inlining -debugger-tuning=gdb -v -resource-dir /usr/lib/llvm-10/lib/clang/10.0.0 -I/opt/intel/oneapi/vpl/2022.0.0/include -I/opt/intel/oneapi/tbb/2021.5.1/env/../include -I/opt/intel/oneapi/mpi/2021.5.1//include -I/opt/intel/oneapi/mkl/2022.0.2/include -I/opt/intel/oneapi/ipp/2021.5.2/include -I/opt/intel/oneapi/ippcp/2021.5.1/include -I/opt/intel/oneapi/ipp/2021.5.2/include -I/opt/intel/oneapi/dpl/2021.6.0/linux/include -I/opt/intel/oneapi/dpcpp-ct/2022.0.0/include -I/opt/intel/oneapi/dnnl/2022.0.2/cpu_dpcpp_gpu_dpcpp/lib -I/opt/intel/oneapi/dev-utilities/2021.5.2/include -I/opt/intel/oneapi/dal/2021.5.3/include -I/opt/intel/oneapi/ccl/2021.5.1/include/cpu_gpu_dpcpp -internal-isystem /usr/bin/../lib/gcc/x86_64-linux-gnu/11/../../../../include/c++/11 -internal-isystem /usr/bin/../lib/gcc/x86_64-linux-gnu/11/../../../../include/x86_64-linux-gnu/c++/11 -internal-isystem /usr/bin/../lib/gcc/x86_64-linux-gnu/11/../../../../include/x86_64-linux-gnu/c++/11 -internal-isystem /usr/bin/../lib/gcc/x86_64-linux-gnu/11/../../../../include/c++/11/backward -internal-isystem /usr/local/include -internal-isystem /usr/lib/llvm-10/lib/clang/10.0.0/include -internal-externc-isystem /usr/include/x86_64-linux-gnu -internal-externc-isystem /include -internal-externc-isystem /usr/include -fdeprecated-macro -fdebug-compilation-dir /home/deb/sycl_workspace/test/sundials/examples/cvode/CXX_sycl/build/CMakeFiles/CMakeTmp -ferror-limit 19 -fmessage-length 0 -fgnuc-version=4.2.1 -fobjc-runtime=gcc -fcxx-exceptions -fexceptions -fdiagnostics-show-option -faddrsig -o CMakeFiles/cmTC_43a4e.dir/CMakeCXXCompilerABI.cpp.o -x c++ /usr/share/cmake-3.23/Modules/CMakeCXXCompilerABI.cpp
clang -cc1 version 10.0.0 based upon LLVM 10.0.0 default target x86_64-pc-linux-gnu
ignoring nonexistent directory "/include"
ignoring duplicate directory "/opt/intel/oneapi/ipp/2021.5.2/include"
ignoring duplicate directory "/usr/bin/../lib/gcc/x86_64-linux-gnu/11/../../../../include/x86_64-linux-gnu/c++/11"
#include "..." search starts here:
#include <...> search starts here:
 /opt/intel/oneapi/vpl/2022.0.0/include
 /opt/intel/oneapi/tbb/2021.5.1/env/../include
 /opt/intel/oneapi/mpi/2021.5.1//include
 /opt/intel/oneapi/mkl/2022.0.2/include
 /opt/intel/oneapi/ipp/2021.5.2/include
 /opt/intel/oneapi/ippcp/2021.5.1/include
 /opt/intel/oneapi/dpl/2021.6.0/linux/include
 /opt/intel/oneapi/dpcpp-ct/2022.0.0/include
 /opt/intel/oneapi/dnnl/2022.0.2/cpu_dpcpp_gpu_dpcpp/lib
 /opt/intel/oneapi/dev-utilities/2021.5.2/include
 /opt/intel/oneapi/dal/2021.5.3/include
 /opt/intel/oneapi/ccl/2021.5.1/include/cpu_gpu_dpcpp
 /usr/bin/../lib/gcc/x86_64-linux-gnu/11/../../../../include/c++/11
 /usr/bin/../lib/gcc/x86_64-linux-gnu/11/../../../../include/x86_64-linux-gnu/c++/11
 /usr/bin/../lib/gcc/x86_64-linux-gnu/11/../../../../include/c++/11/backward
 /usr/local/include
 /usr/lib/llvm-10/lib/clang/10.0.0/include
 /usr/include/x86_64-linux-gnu
 /usr/include
End of search list.
[2/2] Linking CXX executable cmTC_43a4e
clang version 10.0.0-4ubuntu1 
Target: x86_64-pc-linux-gnu
Thread model: posix
InstalledDir: /usr/bin
Found candidate GCC installation: /usr/bin/../lib/gcc/x86_64-linux-gnu/11
Found candidate GCC installation: /usr/bin/../lib/gcc/x86_64-linux-gnu/8
Found candidate GCC installation: /usr/bin/../lib/gcc/x86_64-linux-gnu/9
Found candidate GCC installation: /usr/lib/gcc/x86_64-linux-gnu/11
Found candidate GCC installation: /usr/lib/gcc/x86_64-linux-gnu/8
Found candidate GCC installation: /usr/lib/gcc/x86_64-linux-gnu/9
Selected GCC installation: /usr/bin/../lib/gcc/x86_64-linux-gnu/11
Candidate multilib: .;@m64
Selected multilib: .;@m64
 "/usr/bin/ld" -z relro --hash-style=gnu --build-id --eh-frame-hdr -m elf_x86_64 -dynamic-linker /lib64/ld-linux-x86-64.so.2 -o cmTC_43a4e /usr/bin/../lib/gcc/x86_64-linux-gnu/11/../../../x86_64-linux-gnu/crt1.o /usr/bin/../lib/gcc/x86_64-linux-gnu/11/../../../x86_64-linux-gnu/crti.o /usr/bin/../lib/gcc/x86_64-linux-gnu/11/crtbegin.o -L/usr/bin/../lib/gcc/x86_64-linux-gnu/11 -L/usr/bin/../lib/gcc/x86_64-linux-gnu/11/../../../x86_64-linux-gnu -L/usr/bin/../lib/gcc/x86_64-linux-gnu/11/../../../../lib64 -L/lib/x86_64-linux-gnu -L/lib/../lib64 -L/usr/lib/x86_64-linux-gnu -L/usr/lib/../lib64 -L/usr/lib/x86_64-linux-gnu/../../lib64 -L/usr/bin/../lib/gcc/x86_64-linux-gnu/11/../../.. -L/usr/lib/llvm-10/bin/../lib -L/lib -L/usr/lib -L/opt/intel/oneapi/vpl/2022.0.0/lib -L/opt/intel/oneapi/tbb/2021.5.1/env/../lib/intel64/gcc4.8 -L/opt/intel/oneapi/mpi/2021.5.1//libfabric/lib -L/opt/intel/oneapi/mpi/2021.5.1//lib/release -L/opt/intel/oneapi/mpi/2021.5.1//lib -L/opt/intel/oneapi/mkl/2022.0.2/lib/intel64 -L/opt/intel/oneapi/ipp/2021.5.2/lib/intel64 -L/opt/intel/oneapi/ippcp/2021.5.1/lib/intel64 -L/opt/intel/oneapi/ipp/2021.5.2/lib/intel64 -L/opt/intel/oneapi/dnnl/2022.0.2/cpu_dpcpp_gpu_dpcpp/lib -L/opt/intel/oneapi/dal/2021.5.3/lib/intel64 -L/opt/intel/oneapi/compiler/2022.0.2/linux/compiler/lib/intel64_lin -L/opt/intel/oneapi/compiler/2022.0.2/linux/lib -L/opt/intel/oneapi/ccl/2021.5.1/lib/cpu_gpu_dpcpp CMakeFiles/cmTC_43a4e.dir/CMakeCXXCompilerABI.cpp.o -lstdc++ -lm -lgcc_s -lgcc -lc -lgcc_s -lgcc /usr/bin/../lib/gcc/x86_64-linux-gnu/11/crtend.o /usr/bin/../lib/gcc/x86_64-linux-gnu/11/../../../x86_64-linux-gnu/crtn.o



Parsed CXX implicit include dir info from above output: rv=done
  found start of include info
  found start of implicit include info
    add: [/opt/intel/oneapi/vpl/2022.0.0/include]
    add: [/opt/intel/oneapi/tbb/2021.5.1/env/../include]
    add: [/opt/intel/oneapi/mpi/2021.5.1//include]
    add: [/opt/intel/oneapi/mkl/2022.0.2/include]
    add: [/opt/intel/oneapi/ipp/2021.5.2/include]
    add: [/opt/intel/oneapi/ippcp/2021.5.1/include]
    add: [/opt/intel/oneapi/dpl/2021.6.0/linux/include]
    add: [/opt/intel/oneapi/dpcpp-ct/2022.0.0/include]
    add: [/opt/intel/oneapi/dnnl/2022.0.2/cpu_dpcpp_gpu_dpcpp/lib]
    add: [/opt/intel/oneapi/dev-utilities/2021.5.2/include]
    add: [/opt/intel/oneapi/dal/2021.5.3/include]
    add: [/opt/intel/oneapi/ccl/2021.5.1/include/cpu_gpu_dpcpp]
    add: [/usr/bin/../lib/gcc/x86_64-linux-gnu/11/../../../../include/c++/11]
    add: [/usr/bin/../lib/gcc/x86_64-linux-gnu/11/../../../../include/x86_64-linux-gnu/c++/11]
    add: [/usr/bin/../lib/gcc/x86_64-linux-gnu/11/../../../../include/c++/11/backward]
    add: [/usr/local/include]
    add: [/usr/lib/llvm-10/lib/clang/10.0.0/include]
    add: [/usr/include/x86_64-linux-gnu]
    add: [/usr/include]
  end of search list found
  collapse include dir [/opt/intel/oneapi/vpl/2022.0.0/include] ==> [/opt/intel/oneapi/vpl/2022.0.0/include]
  collapse include dir [/opt/intel/oneapi/tbb/2021.5.1/env/../include] ==> [/opt/intel/oneapi/tbb/2021.5.1/include]
  collapse include dir [/opt/intel/oneapi/mpi/2021.5.1//include] ==> [/opt/intel/oneapi/mpi/2021.5.1/include]
  collapse include dir [/opt/intel/oneapi/mkl/2022.0.2/include] ==> [/opt/intel/oneapi/mkl/2022.0.2/include]
  collapse include dir [/opt/intel/oneapi/ipp/2021.5.2/include] ==> [/opt/intel/oneapi/ipp/2021.5.2/include]
  collapse include dir [/opt/intel/oneapi/ippcp/2021.5.1/include] ==> [/opt/intel/oneapi/ippcp/2021.5.1/include]
  collapse include dir [/opt/intel/oneapi/dpl/2021.6.0/linux/include] ==> [/opt/intel/oneapi/dpl/2021.6.0/linux/include]
  collapse include dir [/opt/intel/oneapi/dpcpp-ct/2022.0.0/include] ==> [/opt/intel/oneapi/dpcpp-ct/2022.0.0/include]
  collapse include dir [/opt/intel/oneapi/dnnl/2022.0.2/cpu_dpcpp_gpu_dpcpp/lib] ==> [/opt/intel/oneapi/dnnl/2022.0.2/cpu_dpcpp_gpu_dpcpp/lib]
  collapse include dir [/opt/intel/oneapi/dev-utilities/2021.5.2/include] ==> [/opt/intel/oneapi/dev-utilities/2021.5.2/include]
  collapse include dir [/opt/intel/oneapi/dal/2021.5.3/include] ==> [/opt/intel/oneapi/dal/2021.5.3/include]
  collapse include dir [/opt/intel/oneapi/ccl/2021.5.1/include/cpu_gpu_dpcpp] ==> [/opt/intel/oneapi/ccl/2021.5.1/include/cpu_gpu_dpcpp]
  collapse include dir [/usr/bin/../lib/gcc/x86_64-linux-gnu/11/../../../../include/c++/11] ==> [/usr/include/c++/11]
  collapse include dir [/usr/bin/../lib/gcc/x86_64-linux-gnu/11/../../../../include/x86_64-linux-gnu/c++/11] ==> [/usr/include/x86_64-linux-gnu/c++/11]
  collapse include dir [/usr/bin/../lib/gcc/x86_64-linux-gnu/11/../../../../include/c++/11/backward] ==> [/usr/include/c++/11/backward]
  collapse include dir [/usr/local/include] ==> [/usr/local/include]
  collapse include dir [/usr/lib/llvm-10/lib/clang/10.0.0/include] ==> [/usr/lib/llvm-10/lib/clang/10.0.0/include]
  collapse include dir [/usr/include/x86_64-linux-gnu] ==> [/usr/include/x86_64-linux-gnu]
  collapse include dir [/usr/include] ==> [/usr/include]
  implicit include dirs: [/opt/intel/oneapi/vpl/2022.0.0/include;/opt/intel/oneapi/tbb/2021.5.1/include;/opt/intel/oneapi/mpi/2021.5.1/include;/opt/intel/oneapi/mkl/2022.0.2/include;/opt/intel/oneapi/ipp/2021.5.2/include;/opt/intel/oneapi/ippcp/2021.5.1/include;/opt/intel/oneapi/dpl/2021.6.0/linux/include;/opt/intel/oneapi/dpcpp-ct/2022.0.0/include;/opt/intel/oneapi/dnnl/2022.0.2/cpu_dpcpp_gpu_dpcpp/lib;/opt/intel/oneapi/dev-utilities/2021.5.2/include;/opt/intel/oneapi/dal/2021.5.3/include;/opt/intel/oneapi/ccl/2021.5.1/include/cpu_gpu_dpcpp;/usr/include/c++/11;/usr/include/x86_64-linux-gnu/c++/11;/usr/include/c++/11/backward;/usr/local/include;/usr/lib/llvm-10/lib/clang/10.0.0/include;/usr/include/x86_64-linux-gnu;/usr/include]


Parsed CXX implicit link information from above output:
  link line regex: [^( *|.*[/\])(ld|CMAKE_LINK_STARTFILE-NOTFOUND|([^/\]+-)?ld|collect2)[^/\]*( |$)]
  ignore line: [Change Dir: /home/deb/sycl_workspace/test/sundials/examples/cvode/CXX_sycl/build/CMakeFiles/CMakeTmp]
  ignore line: []
  ignore line: [Run Build Command(s):/usr/bin/ninja cmTC_43a4e && [1/2] Building CXX object CMakeFiles/cmTC_43a4e.dir/CMakeCXXCompilerABI.cpp.o]
  ignore line: [clang version 10.0.0-4ubuntu1 ]
  ignore line: [Target: x86_64-pc-linux-gnu]
  ignore line: [Thread model: posix]
  ignore line: [InstalledDir: /usr/bin]
  ignore line: [Found candidate GCC installation: /usr/bin/../lib/gcc/x86_64-linux-gnu/11]
  ignore line: [Found candidate GCC installation: /usr/bin/../lib/gcc/x86_64-linux-gnu/8]
  ignore line: [Found candidate GCC installation: /usr/bin/../lib/gcc/x86_64-linux-gnu/9]
  ignore line: [Found candidate GCC installation: /usr/lib/gcc/x86_64-linux-gnu/11]
  ignore line: [Found candidate GCC installation: /usr/lib/gcc/x86_64-linux-gnu/8]
  ignore line: [Found candidate GCC installation: /usr/lib/gcc/x86_64-linux-gnu/9]
  ignore line: [Selected GCC installation: /usr/bin/../lib/gcc/x86_64-linux-gnu/11]
  ignore line: [Candidate multilib: .]
  ignore line: [@m64]
  ignore line: [Selected multilib: .]
  ignore line: [@m64]
  ignore line: [ (in-process)]
  ignore line: [ "/usr/lib/llvm-10/bin/clang" -cc1 -triple x86_64-pc-linux-gnu -emit-obj -mrelax-all -disable-free -disable-llvm-verifier -discard-value-names -main-file-name CMakeCXXCompilerABI.cpp -mrelocation-model static -mthread-model posix -mframe-pointer=all -fmath-errno -fno-rounding-math -masm-verbose -mconstructor-aliases -munwind-tables -target-cpu x86-64 -dwarf-column-info -fno-split-dwarf-inlining -debugger-tuning=gdb -v -resource-dir /usr/lib/llvm-10/lib/clang/10.0.0 -I/opt/intel/oneapi/vpl/2022.0.0/include -I/opt/intel/oneapi/tbb/2021.5.1/env/../include -I/opt/intel/oneapi/mpi/2021.5.1//include -I/opt/intel/oneapi/mkl/2022.0.2/include -I/opt/intel/oneapi/ipp/2021.5.2/include -I/opt/intel/oneapi/ippcp/2021.5.1/include -I/opt/intel/oneapi/ipp/2021.5.2/include -I/opt/intel/oneapi/dpl/2021.6.0/linux/include -I/opt/intel/oneapi/dpcpp-ct/2022.0.0/include -I/opt/intel/oneapi/dnnl/2022.0.2/cpu_dpcpp_gpu_dpcpp/lib -I/opt/intel/oneapi/dev-utilities/2021.5.2/include -I/opt/intel/oneapi/dal/2021.5.3/include -I/opt/intel/oneapi/ccl/2021.5.1/include/cpu_gpu_dpcpp -internal-isystem /usr/bin/../lib/gcc/x86_64-linux-gnu/11/../../../../include/c++/11 -internal-isystem /usr/bin/../lib/gcc/x86_64-linux-gnu/11/../../../../include/x86_64-linux-gnu/c++/11 -internal-isystem /usr/bin/../lib/gcc/x86_64-linux-gnu/11/../../../../include/x86_64-linux-gnu/c++/11 -internal-isystem /usr/bin/../lib/gcc/x86_64-linux-gnu/11/../../../../include/c++/11/backward -internal-isystem /usr/local/include -internal-isystem /usr/lib/llvm-10/lib/clang/10.0.0/include -internal-externc-isystem /usr/include/x86_64-linux-gnu -internal-externc-isystem /include -internal-externc-isystem /usr/include -fdeprecated-macro -fdebug-compilation-dir /home/deb/sycl_workspace/test/sundials/examples/cvode/CXX_sycl/build/CMakeFiles/CMakeTmp -ferror-limit 19 -fmessage-length 0 -fgnuc-version=4.2.1 -fobjc-runtime=gcc -fcxx-exceptions -fexceptions -fdiagnostics-show-option -faddrsig -o CMakeFiles/cmTC_43a4e.dir/CMakeCXXCompilerABI.cpp.o -x c++ /usr/share/cmake-3.23/Modules/CMakeCXXCompilerABI.cpp]
  ignore line: [clang -cc1 version 10.0.0 based upon LLVM 10.0.0 default target x86_64-pc-linux-gnu]
  ignore line: [ignoring nonexistent directory "/include"]
  ignore line: [ignoring duplicate directory "/opt/intel/oneapi/ipp/2021.5.2/include"]
  ignore line: [ignoring duplicate directory "/usr/bin/../lib/gcc/x86_64-linux-gnu/11/../../../../include/x86_64-linux-gnu/c++/11"]
  ignore line: [#include "..." search starts here:]
  ignore line: [#include <...> search starts here:]
  ignore line: [ /opt/intel/oneapi/vpl/2022.0.0/include]
  ignore line: [ /opt/intel/oneapi/tbb/2021.5.1/env/../include]
  ignore line: [ /opt/intel/oneapi/mpi/2021.5.1//include]
  ignore line: [ /opt/intel/oneapi/mkl/2022.0.2/include]
  ignore line: [ /opt/intel/oneapi/ipp/2021.5.2/include]
  ignore line: [ /opt/intel/oneapi/ippcp/2021.5.1/include]
  ignore line: [ /opt/intel/oneapi/dpl/2021.6.0/linux/include]
  ignore line: [ /opt/intel/oneapi/dpcpp-ct/2022.0.0/include]
  ignore line: [ /opt/intel/oneapi/dnnl/2022.0.2/cpu_dpcpp_gpu_dpcpp/lib]
  ignore line: [ /opt/intel/oneapi/dev-utilities/2021.5.2/include]
  ignore line: [ /opt/intel/oneapi/dal/2021.5.3/include]
  ignore line: [ /opt/intel/oneapi/ccl/2021.5.1/include/cpu_gpu_dpcpp]
  ignore line: [ /usr/bin/../lib/gcc/x86_64-linux-gnu/11/../../../../include/c++/11]
  ignore line: [ /usr/bin/../lib/gcc/x86_64-linux-gnu/11/../../../../include/x86_64-linux-gnu/c++/11]
  ignore line: [ /usr/bin/../lib/gcc/x86_64-linux-gnu/11/../../../../include/c++/11/backward]
  ignore line: [ /usr/local/include]
  ignore line: [ /usr/lib/llvm-10/lib/clang/10.0.0/include]
  ignore line: [ /usr/include/x86_64-linux-gnu]
  ignore line: [ /usr/include]
  ignore line: [End of search list.]
  ignore line: [[2/2] Linking CXX executable cmTC_43a4e]
  ignore line: [clang version 10.0.0-4ubuntu1 ]
  ignore line: [Target: x86_64-pc-linux-gnu]
  ignore line: [Thread model: posix]
  ignore line: [InstalledDir: /usr/bin]
  ignore line: [Found candidate GCC installation: /usr/bin/../lib/gcc/x86_64-linux-gnu/11]
  ignore line: [Found candidate GCC installation: /usr/bin/../lib/gcc/x86_64-linux-gnu/8]
  ignore line: [Found candidate GCC installation: /usr/bin/../lib/gcc/x86_64-linux-gnu/9]
  ignore line: [Found candidate GCC installation: /usr/lib/gcc/x86_64-linux-gnu/11]
  ignore line: [Found candidate GCC installation: /usr/lib/gcc/x86_64-linux-gnu/8]
  ignore line: [Found candidate GCC installation: /usr/lib/gcc/x86_64-linux-gnu/9]
  ignore line: [Selected GCC installation: /usr/bin/../lib/gcc/x86_64-linux-gnu/11]
  ignore line: [Candidate multilib: .]
  ignore line: [@m64]
  ignore line: [Selected multilib: .]
  ignore line: [@m64]
  link line: [ "/usr/bin/ld" -z relro --hash-style=gnu --build-id --eh-frame-hdr -m elf_x86_64 -dynamic-linker /lib64/ld-linux-x86-64.so.2 -o cmTC_43a4e /usr/bin/../lib/gcc/x86_64-linux-gnu/11/../../../x86_64-linux-gnu/crt1.o /usr/bin/../lib/gcc/x86_64-linux-gnu/11/../../../x86_64-linux-gnu/crti.o /usr/bin/../lib/gcc/x86_64-linux-gnu/11/crtbegin.o -L/usr/bin/../lib/gcc/x86_64-linux-gnu/11 -L/usr/bin/../lib/gcc/x86_64-linux-gnu/11/../../../x86_64-linux-gnu -L/usr/bin/../lib/gcc/x86_64-linux-gnu/11/../../../../lib64 -L/lib/x86_64-linux-gnu -L/lib/../lib64 -L/usr/lib/x86_64-linux-gnu -L/usr/lib/../lib64 -L/usr/lib/x86_64-linux-gnu/../../lib64 -L/usr/bin/../lib/gcc/x86_64-linux-gnu/11/../../.. -L/usr/lib/llvm-10/bin/../lib -L/lib -L/usr/lib -L/opt/intel/oneapi/vpl/2022.0.0/lib -L/opt/intel/oneapi/tbb/2021.5.1/env/../lib/intel64/gcc4.8 -L/opt/intel/oneapi/mpi/2021.5.1//libfabric/lib -L/opt/intel/oneapi/mpi/2021.5.1//lib/release -L/opt/intel/oneapi/mpi/2021.5.1//lib -L/opt/intel/oneapi/mkl/2022.0.2/lib/intel64 -L/opt/intel/oneapi/ipp/2021.5.2/lib/intel64 -L/opt/intel/oneapi/ippcp/2021.5.1/lib/intel64 -L/opt/intel/oneapi/ipp/2021.5.2/lib/intel64 -L/opt/intel/oneapi/dnnl/2022.0.2/cpu_dpcpp_gpu_dpcpp/lib -L/opt/intel/oneapi/dal/2021.5.3/lib/intel64 -L/opt/intel/oneapi/compiler/2022.0.2/linux/compiler/lib/intel64_lin -L/opt/intel/oneapi/compiler/2022.0.2/linux/lib -L/opt/intel/oneapi/ccl/2021.5.1/lib/cpu_gpu_dpcpp CMakeFiles/cmTC_43a4e.dir/CMakeCXXCompilerABI.cpp.o -lstdc++ -lm -lgcc_s -lgcc -lc -lgcc_s -lgcc /usr/bin/../lib/gcc/x86_64-linux-gnu/11/crtend.o /usr/bin/../lib/gcc/x86_64-linux-gnu/11/../../../x86_64-linux-gnu/crtn.o]
    arg [/usr/bin/ld] ==> ignore
    arg [-zrelro] ==> ignore
    arg [--hash-style=gnu] ==> ignore
    arg [--build-id] ==> ignore
    arg [--eh-frame-hdr] ==> ignore
    arg [-m] ==> ignore
    arg [elf_x86_64] ==> ignore
    arg [-dynamic-linker] ==> ignore
    arg [/lib64/ld-linux-x86-64.so.2] ==> ignore
    arg [-o] ==> ignore
    arg [cmTC_43a4e] ==> ignore
    arg [/usr/bin/../lib/gcc/x86_64-linux-gnu/11/../../../x86_64-linux-gnu/crt1.o] ==> obj [/usr/bin/../lib/gcc/x86_64-linux-gnu/11/../../../x86_64-linux-gnu/crt1.o]
    arg [/usr/bin/../lib/gcc/x86_64-linux-gnu/11/../../../x86_64-linux-gnu/crti.o] ==> obj [/usr/bin/../lib/gcc/x86_64-linux-gnu/11/../../../x86_64-linux-gnu/crti.o]
    arg [/usr/bin/../lib/gcc/x86_64-linux-gnu/11/crtbegin.o] ==> obj [/usr/bin/../lib/gcc/x86_64-linux-gnu/11/crtbegin.o]
    arg [-L/usr/bin/../lib/gcc/x86_64-linux-gnu/11] ==> dir [/usr/bin/../lib/gcc/x86_64-linux-gnu/11]
    arg [-L/usr/bin/../lib/gcc/x86_64-linux-gnu/11/../../../x86_64-linux-gnu] ==> dir [/usr/bin/../lib/gcc/x86_64-linux-gnu/11/../../../x86_64-linux-gnu]
    arg [-L/usr/bin/../lib/gcc/x86_64-linux-gnu/11/../../../../lib64] ==> dir [/usr/bin/../lib/gcc/x86_64-linux-gnu/11/../../../../lib64]
    arg [-L/lib/x86_64-linux-gnu] ==> dir [/lib/x86_64-linux-gnu]
    arg [-L/lib/../lib64] ==> dir [/lib/../lib64]
    arg [-L/usr/lib/x86_64-linux-gnu] ==> dir [/usr/lib/x86_64-linux-gnu]
    arg [-L/usr/lib/../lib64] ==> dir [/usr/lib/../lib64]
    arg [-L/usr/lib/x86_64-linux-gnu/../../lib64] ==> dir [/usr/lib/x86_64-linux-gnu/../../lib64]
    arg [-L/usr/bin/../lib/gcc/x86_64-linux-gnu/11/../../..] ==> dir [/usr/bin/../lib/gcc/x86_64-linux-gnu/11/../../..]
    arg [-L/usr/lib/llvm-10/bin/../lib] ==> dir [/usr/lib/llvm-10/bin/../lib]
    arg [-L/lib] ==> dir [/lib]
    arg [-L/usr/lib] ==> dir [/usr/lib]
    arg [-L/opt/intel/oneapi/vpl/2022.0.0/lib] ==> dir [/opt/intel/oneapi/vpl/2022.0.0/lib]
    arg [-L/opt/intel/oneapi/tbb/2021.5.1/env/../lib/intel64/gcc4.8] ==> dir [/opt/intel/oneapi/tbb/2021.5.1/env/../lib/intel64/gcc4.8]
    arg [-L/opt/intel/oneapi/mpi/2021.5.1//libfabric/lib] ==> dir [/opt/intel/oneapi/mpi/2021.5.1//libfabric/lib]
    arg [-L/opt/intel/oneapi/mpi/2021.5.1//lib/release] ==> dir [/opt/intel/oneapi/mpi/2021.5.1//lib/release]
    arg [-L/opt/intel/oneapi/mpi/2021.5.1//lib] ==> dir [/opt/intel/oneapi/mpi/2021.5.1//lib]
    arg [-L/opt/intel/oneapi/mkl/2022.0.2/lib/intel64] ==> dir [/opt/intel/oneapi/mkl/2022.0.2/lib/intel64]
    arg [-L/opt/intel/oneapi/ipp/2021.5.2/lib/intel64] ==> dir [/opt/intel/oneapi/ipp/2021.5.2/lib/intel64]
    arg [-L/opt/intel/oneapi/ippcp/2021.5.1/lib/intel64] ==> dir [/opt/intel/oneapi/ippcp/2021.5.1/lib/intel64]
    arg [-L/opt/intel/oneapi/ipp/2021.5.2/lib/intel64] ==> dir [/opt/intel/oneapi/ipp/2021.5.2/lib/intel64]
    arg [-L/opt/intel/oneapi/dnnl/2022.0.2/cpu_dpcpp_gpu_dpcpp/lib] ==> dir [/opt/intel/oneapi/dnnl/2022.0.2/cpu_dpcpp_gpu_dpcpp/lib]
    arg [-L/opt/intel/oneapi/dal/2021.5.3/lib/intel64] ==> dir [/opt/intel/oneapi/dal/2021.5.3/lib/intel64]
    arg [-L/opt/intel/oneapi/compiler/2022.0.2/linux/compiler/lib/intel64_lin] ==> dir [/opt/intel/oneapi/compiler/2022.0.2/linux/compiler/lib/intel64_lin]
    arg [-L/opt/intel/oneapi/compiler/2022.0.2/linux/lib] ==> dir [/opt/intel/oneapi/compiler/2022.0.2/linux/lib]
    arg [-L/opt/intel/oneapi/ccl/2021.5.1/lib/cpu_gpu_dpcpp] ==> dir [/opt/intel/oneapi/ccl/2021.5.1/lib/cpu_gpu_dpcpp]
    arg [CMakeFiles/cmTC_43a4e.dir/CMakeCXXCompilerABI.cpp.o] ==> ignore
    arg [-lstdc++] ==> lib [stdc++]
    arg [-lm] ==> lib [m]
    arg [-lgcc_s] ==> lib [gcc_s]
    arg [-lgcc] ==> lib [gcc]
    arg [-lc] ==> lib [c]
    arg [-lgcc_s] ==> lib [gcc_s]
    arg [-lgcc] ==> lib [gcc]
    arg [/usr/bin/../lib/gcc/x86_64-linux-gnu/11/crtend.o] ==> obj [/usr/bin/../lib/gcc/x86_64-linux-gnu/11/crtend.o]
    arg [/usr/bin/../lib/gcc/x86_64-linux-gnu/11/../../../x86_64-linux-gnu/crtn.o] ==> obj [/usr/bin/../lib/gcc/x86_64-linux-gnu/11/../../../x86_64-linux-gnu/crtn.o]
  collapse obj [/usr/bin/../lib/gcc/x86_64-linux-gnu/11/../../../x86_64-linux-gnu/crt1.o] ==> [/usr/lib/x86_64-linux-gnu/crt1.o]
  collapse obj [/usr/bin/../lib/gcc/x86_64-linux-gnu/11/../../../x86_64-linux-gnu/crti.o] ==> [/usr/lib/x86_64-linux-gnu/crti.o]
  collapse obj [/usr/bin/../lib/gcc/x86_64-linux-gnu/11/crtbegin.o] ==> [/usr/lib/gcc/x86_64-linux-gnu/11/crtbegin.o]
  collapse obj [/usr/bin/../lib/gcc/x86_64-linux-gnu/11/crtend.o] ==> [/usr/lib/gcc/x86_64-linux-gnu/11/crtend.o]
  collapse obj [/usr/bin/../lib/gcc/x86_64-linux-gnu/11/../../../x86_64-linux-gnu/crtn.o] ==> [/usr/lib/x86_64-linux-gnu/crtn.o]
  collapse library dir [/usr/bin/../lib/gcc/x86_64-linux-gnu/11] ==> [/usr/lib/gcc/x86_64-linux-gnu/11]
  collapse library dir [/usr/bin/../lib/gcc/x86_64-linux-gnu/11/../../../x86_64-linux-gnu] ==> [/usr/lib/x86_64-linux-gnu]
  collapse library dir [/usr/bin/../lib/gcc/x86_64-linux-gnu/11/../../../../lib64] ==> [/usr/lib64]
  collapse library dir [/lib/x86_64-linux-gnu] ==> [/lib/x86_64-linux-gnu]
  collapse library dir [/lib/../lib64] ==> [/lib64]
  collapse library dir [/usr/lib/x86_64-linux-gnu] ==> [/usr/lib/x86_64-linux-gnu]
  collapse library dir [/usr/lib/../lib64] ==> [/usr/lib64]
  collapse library dir [/usr/lib/x86_64-linux-gnu/../../lib64] ==> [/usr/lib64]
  collapse library dir [/usr/bin/../lib/gcc/x86_64-linux-gnu/11/../../..] ==> [/usr/lib]
  collapse library dir [/usr/lib/llvm-10/bin/../lib] ==> [/usr/lib/llvm-10/lib]
  collapse library dir [/lib] ==> [/lib]
  collapse library dir [/usr/lib] ==> [/usr/lib]
  collapse library dir [/opt/intel/oneapi/vpl/2022.0.0/lib] ==> [/opt/intel/oneapi/vpl/2022.0.0/lib]
  collapse library dir [/opt/intel/oneapi/tbb/2021.5.1/env/../lib/intel64/gcc4.8] ==> [/opt/intel/oneapi/tbb/2021.5.1/lib/intel64/gcc4.8]
  collapse library dir [/opt/intel/oneapi/mpi/2021.5.1//libfabric/lib] ==> [/opt/intel/oneapi/mpi/2021.5.1/libfabric/lib]
  collapse library dir [/opt/intel/oneapi/mpi/2021.5.1//lib/release] ==> [/opt/intel/oneapi/mpi/2021.5.1/lib/release]
  collapse library dir [/opt/intel/oneapi/mpi/2021.5.1//lib] ==> [/opt/intel/oneapi/mpi/2021.5.1/lib]
  collapse library dir [/opt/intel/oneapi/mkl/2022.0.2/lib/intel64] ==> [/opt/intel/oneapi/mkl/2022.0.2/lib/intel64]
  collapse library dir [/opt/intel/oneapi/ipp/2021.5.2/lib/intel64] ==> [/opt/intel/oneapi/ipp/2021.5.2/lib/intel64]
  collapse library dir [/opt/intel/oneapi/ippcp/2021.5.1/lib/intel64] ==> [/opt/intel/oneapi/ippcp/2021.5.1/lib/intel64]
  collapse library dir [/opt/intel/oneapi/ipp/2021.5.2/lib/intel64] ==> [/opt/intel/oneapi/ipp/2021.5.2/lib/intel64]
  collapse library dir [/opt/intel/oneapi/dnnl/2022.0.2/cpu_dpcpp_gpu_dpcpp/lib] ==> [/opt/intel/oneapi/dnnl/2022.0.2/cpu_dpcpp_gpu_dpcpp/lib]
  collapse library dir [/opt/intel/oneapi/dal/2021.5.3/lib/intel64] ==> [/opt/intel/oneapi/dal/2021.5.3/lib/intel64]
  collapse library dir [/opt/intel/oneapi/compiler/2022.0.2/linux/compiler/lib/intel64_lin] ==> [/opt/intel/oneapi/compiler/2022.0.2/linux/compiler/lib/intel64_lin]
  collapse library dir [/opt/intel/oneapi/compiler/2022.0.2/linux/lib] ==> [/opt/intel/oneapi/compiler/2022.0.2/linux/lib]
  collapse library dir [/opt/intel/oneapi/ccl/2021.5.1/lib/cpu_gpu_dpcpp] ==> [/opt/intel/oneapi/ccl/2021.5.1/lib/cpu_gpu_dpcpp]
  implicit libs: [stdc++;m;gcc_s;gcc;c;gcc_s;gcc]
  implicit objs: [/usr/lib/x86_64-linux-gnu/crt1.o;/usr/lib/x86_64-linux-gnu/crti.o;/usr/lib/gcc/x86_64-linux-gnu/11/crtbegin.o;/usr/lib/gcc/x86_64-linux-gnu/11/crtend.o;/usr/lib/x86_64-linux-gnu/crtn.o]
  implicit dirs: [/usr/lib/gcc/x86_64-linux-gnu/11;/usr/lib/x86_64-linux-gnu;/usr/lib64;/lib/x86_64-linux-gnu;/lib64;/usr/lib;/usr/lib/llvm-10/lib;/lib;/opt/intel/oneapi/vpl/2022.0.0/lib;/opt/intel/oneapi/tbb/2021.5.1/lib/intel64/gcc4.8;/opt/intel/oneapi/mpi/2021.5.1/libfabric/lib;/opt/intel/oneapi/mpi/2021.5.1/lib/release;/opt/intel/oneapi/mpi/2021.5.1/lib;/opt/intel/oneapi/mkl/2022.0.2/lib/intel64;/opt/intel/oneapi/ipp/2021.5.2/lib/intel64;/opt/intel/oneapi/ippcp/2021.5.1/lib/intel64;/opt/intel/oneapi/dnnl/2022.0.2/cpu_dpcpp_gpu_dpcpp/lib;/opt/intel/oneapi/dal/2021.5.3/lib/intel64;/opt/intel/oneapi/compiler/2022.0.2/linux/compiler/lib/intel64_lin;/opt/intel/oneapi/compiler/2022.0.2/linux/lib;/opt/intel/oneapi/ccl/2021.5.1/lib/cpu_gpu_dpcpp]
  implicit fwks: []


